
Importing C:\Farris' Files\School\Side Projects\Electric Scooter\custom-escooter\BMS PCB\LTO 16S BMS\PDNAnalyzer_Output\LTO 16S BMS\Charge-Discharge\odb.tgz... [Wed Sep 20 00:24:35 2023]
============================================================
Reading ODB++ database ...

Reading file odb/misc/info...
Reading file odb/matrix/matrix...
Reading file odb/steps/pcb/profile...
Reading file odb/steps/pcb/eda/data...
Origin of ODB++ database:  Altium Designer file - Version 1.0.0.30000
WARNING: Ignoring I(528 time(s))
eda data: 35 packages, 142 nets.
Reading file odb/steps/pcb/layers/top_solder/features...
524 SWHs on layer TOP_SOLDER

Reading file odb/steps/pcb/layers/l1_-_primary/features...
2013 SWHs on layer L1_-_PRIMARY

Reading file odb/steps/pcb/layers/dielectric_1/features...
0 SWHs on layer DIELECTRIC_1

Reading file odb/steps/pcb/layers/l2_-_gnd/features...
186 SWHs on layer L2_-_GND

Reading file odb/steps/pcb/layers/core/features...
0 SWHs on layer CORE

Reading file odb/steps/pcb/layers/l3_-_gnd/features...
213 SWHs on layer L3_-_GND

Reading file odb/steps/pcb/layers/dielectric_2/features...
0 SWHs on layer DIELECTRIC_2

Reading file odb/steps/pcb/layers/l4_-_secondary/features...
1061 SWHs on layer L4_-_SECONDARY

Reading file odb/steps/pcb/layers/bottom_solder/features...
197 SWHs on layer BOTTOM_SOLDER

Reading file odb/steps/pcb/layers/top_solder/attrlist...
Reading file odb/steps/pcb/layers/l1_-_primary/attrlist...
Reading file odb/steps/pcb/layers/dielectric_1/attrlist...
Reading file odb/steps/pcb/layers/l2_-_gnd/attrlist...
Reading file odb/steps/pcb/layers/core/attrlist...
Reading file odb/steps/pcb/layers/l3_-_gnd/attrlist...
Reading file odb/steps/pcb/layers/dielectric_2/attrlist...
Reading file odb/steps/pcb/layers/l4_-_secondary/attrlist...
Reading file odb/steps/pcb/layers/bottom_solder/attrlist...
WARNING: material values were set to default due to missing information for the following layers:  'TOP_SOLDER', 'L1_-_PRIMARY', 'DIELECTRIC_1', 'L2_-_GND', 'CORE', 'L3_-_GND', 'DIELECTRIC_2', 'L4_-_SECONDARY', 'BOTTOM_SOLDER'
parsing drills L1_-_PRIMARY-L4_-_SECONDARY
Reading file odb/steps/pcb/layers/drill_non-plated_bottom-top/features...
parsing drills L1_-_PRIMARY-L4_-_SECONDARY
Reading file odb/steps/pcb/layers/drill_plated_bottom-top/features...
Reading file odb/steps/pcb/layers/comp_+_top/components...
Reading file odb/steps/pcb/layers/comp_+_bot/components...
INFO: 1 duplicate vertices ignored
INFO: 32 plated drill holes without logical net information
========================================
INFO: Created CSV file (C:\Farris' Files\School\Side Projects\Electric Scooter\custom-escooter\BMS PCB\LTO 16S BMS\PDNAnalyzer_Output\LTO 16S BMS\Charge-Discharge\Results\tmp\design.csv) with component properties extracted from ODB++ file.
========================================
========================================
Lumped-element import (C:\Farris' Files\School\Side Projects\Electric Scooter\custom-escooter\BMS PCB\LTO 16S BMS\PDNAnalyzer_Output\LTO 16S BMS\Charge-Discharge\Results\tmp\design.csv)...
Detected ' ; ' as separator.

Value-string translations:
	0.01µF ->  10.0 nF (C)
	0.1µF ->  99.99999999999999 nF (C)
	0O ->  0.0 Ohms (R)
	100O ->  100.0 Ohms (R)
	100pF ->  100.0 pF (C)
	10MO ->  10.0 MOhms (R)
	10kO ->  10.0 kOhms (R)
	10pF ->  10.0 pF (C)
	17.8kO ->  17.8 kOhms (R)
	1kO ->  1.0 kOhms (R)
	1mO ->  1.0 mOhms (R)
	1µF ->  1.0 uF (C)
	2.2µF ->  2.2 uF (C)
	300O ->  300.0 Ohms (R)
	33O ->  33.0 Ohms (R)
	4.7µF ->  4.7 uF (C)
	4.99O ->  4.99 Ohms (R)
	5.1kO ->  5.1 kOhms (R)
	51O ->  51.0 Ohms (R)
	604O ->  604.0 Ohms (R)
WARNING: unphysical value: 0.0 Ohms
WARNING: unable to interpret: [empty string]
========================================
WARNING: There were some warnings while importing the auto-generated CSV-file 'C:\Farris' Files\School\Side Projects\Electric Scooter\custom-escooter\BMS PCB\LTO 16S BMS\PDNAnalyzer_Output\LTO 16S BMS\Charge-Discharge\Results\tmp\design.csv'. Please review the auto-generated file under Parts Editor->Load (csv).
========================================
Unifying library padstacks...
Finished reading database.
============================================================
