
Importing D:\GitHub\custom-escooter\BLDC Controller PCB\BLDC Motor Controller\PDNAnalyzer_Output\BLDC Motor Controller\Motor Phase CA\odb.tgz... [Sat Apr  8 14:37:15 2023]
============================================================
Reading ODB++ database ...

Reading file odb/misc/info...
Reading file odb/matrix/matrix...
Reading file odb/steps/pcb/profile...
Reading file odb/steps/pcb/eda/data...
Origin of ODB++ database:  Altium Designer file - Version 1.0.0.30000
WARNING: Ignoring I(248 time(s))
eda data: 23 packages, 41 nets.
Reading file odb/steps/pcb/layers/top_solder/features...
224 SWHs on layer TOP_SOLDER

Reading file odb/steps/pcb/layers/l1_-_primary/features...
772 SWHs on layer L1_-_PRIMARY

Reading file odb/steps/pcb/layers/dielectric_1/features...
0 SWHs on layer DIELECTRIC_1

Reading file odb/steps/pcb/layers/l2_-_gnd/features...
132 SWHs on layer L2_-_GND

Reading file odb/steps/pcb/layers/core/features...
0 SWHs on layer CORE

Reading file odb/steps/pcb/layers/l3_-_gnd/features...
132 SWHs on layer L3_-_GND

Reading file odb/steps/pcb/layers/dielectric_2/features...
0 SWHs on layer DIELECTRIC_2

Reading file odb/steps/pcb/layers/l4_-_secondary/features...
415 SWHs on layer L4_-_SECONDARY

Reading file odb/steps/pcb/layers/bottom_solder/features...
40 SWHs on layer BOTTOM_SOLDER

Reading file odb/steps/pcb/layers/top_solder/attrlist...
Reading file odb/steps/pcb/layers/l1_-_primary/attrlist...
Reading file odb/steps/pcb/layers/dielectric_1/attrlist...
Reading file odb/steps/pcb/layers/l2_-_gnd/attrlist...
Reading file odb/steps/pcb/layers/core/attrlist...
Reading file odb/steps/pcb/layers/l3_-_gnd/attrlist...
Reading file odb/steps/pcb/layers/dielectric_2/attrlist...
Reading file odb/steps/pcb/layers/l4_-_secondary/attrlist...
Reading file odb/steps/pcb/layers/bottom_solder/attrlist...
WARNING: material values were set to default due to missing information for the following layers:  'TOP_SOLDER', 'L1_-_PRIMARY', 'DIELECTRIC_1', 'L2_-_GND', 'CORE', 'L3_-_GND', 'DIELECTRIC_2', 'L4_-_SECONDARY', 'BOTTOM_SOLDER'
parsing drills L1_-_PRIMARY-L4_-_SECONDARY
Reading file odb/steps/pcb/layers/drill_non-plated_bottom-top/features...
parsing drills L1_-_PRIMARY-L4_-_SECONDARY
Reading file odb/steps/pcb/layers/drill_plated_bottom-top/features...
Reading file odb/steps/pcb/layers/comp_+_top/components...
INFO: 3 duplicate vertices ignored
INFO: 32 plated drill holes without logical net information
========================================
INFO: Created CSV file (D:\GitHub\custom-escooter\BLDC Controller PCB\BLDC Motor Controller\PDNAnalyzer_Output\BLDC Motor Controller\Motor Phase CA\Results\tmp\design.csv) with component properties extracted from ODB++ file.
========================================
========================================
Lumped-element import (D:\GitHub\custom-escooter\BLDC Controller PCB\BLDC Motor Controller\PDNAnalyzer_Output\BLDC Motor Controller\Motor Phase CA\Results\tmp\design.csv)...
Detected ' ; ' as separator.

Value-string translations:
	0.1µF ->  99.99999999999999 nF (C)
	0.22µF ->  219.99999999999997 nF (C)
	100O ->  100.0 Ohms (R)
	10O ->  10.0 Ohms (R)
	10µF ->  10.0 uF (C)
	1mO ->  1.0 mOhms (R)
	2.2µF ->  2.2 uF (C)
	22nF ->  22.0 nF (C)
	510O ->  510.0 Ohms (R)
	787O ->  787.0 Ohms (R)
	845O ->  845.0 Ohms (R)
WARNING: unable to interpret: [empty string]
========================================
WARNING: There were some warnings while importing the auto-generated CSV-file 'D:\GitHub\custom-escooter\BLDC Controller PCB\BLDC Motor Controller\PDNAnalyzer_Output\BLDC Motor Controller\Motor Phase CA\Results\tmp\design.csv'. Please review the auto-generated file under Parts Editor->Load (csv).
========================================
Unifying library padstacks...
Finished reading database.
============================================================
